{"/home/user/Desktop/backend/src/application/sign-in/sign-in.use-case.ts": {"path":"/home/user/Desktop/backend/src/application/sign-in/sign-in.use-case.ts","statementMap":{"0":{"start":{"line":2,"column":0},"end":{"line":2,"column":78}},"1":{"start":{"line":5,"column":31},"end":{"line":5,"column":65}},"2":{"start":{"line":8,"column":4},"end":{"line":8,"column":84}},"3":{"start":{"line":8,"column":53},"end":{"line":8,"column":84}},"4":{"start":{"line":9,"column":17},"end":{"line":9,"column":66}},"5":{"start":{"line":10,"column":4},"end":{"line":10,"column":87}},"6":{"start":{"line":10,"column":51},"end":{"line":10,"column":87}},"7":{"start":{"line":11,"column":4},"end":{"line":11,"column":16}},"8":{"start":{"line":4,"column":0},"end":{"line":4,"column":13}}},"fnMap":{"0":{"name":"(anonymous_0)","decl":{"start":{"line":5,"column":2},"end":{"line":5,"column":31}},"loc":{"start":{"line":5,"column":65},"end":{"line":5,"column":69}}},"1":{"name":"(anonymous_1)","decl":{"start":{"line":7,"column":2},"end":{"line":7,"column":7}},"loc":{"start":{"line":7,"column":34},"end":{"line":12,"column":3}}}},"branchMap":{"0":{"loc":{"start":{"line":8,"column":4},"end":{"line":8,"column":84}},"type":"if","locations":[{"start":{"line":8,"column":4},"end":{"line":8,"column":84}},{"start":{},"end":{}}]},"1":{"loc":{"start":{"line":8,"column":8},"end":{"line":8,"column":51}},"type":"binary-expr","locations":[{"start":{"line":8,"column":8},"end":{"line":8,"column":14}},{"start":{"line":8,"column":18},"end":{"line":8,"column":51}}]},"2":{"loc":{"start":{"line":10,"column":4},"end":{"line":10,"column":87}},"type":"if","locations":[{"start":{"line":10,"column":4},"end":{"line":10,"column":87}},{"start":{},"end":{}}]},"3":{"loc":{"start":{"line":10,"column":8},"end":{"line":10,"column":49}},"type":"binary-expr","locations":[{"start":{"line":10,"column":8},"end":{"line":10,"column":13}},{"start":{"line":10,"column":17},"end":{"line":10,"column":49}}]}},"s":{"0":1,"1":5,"2":5,"3":1,"4":4,"5":3,"6":1,"7":2,"8":1},"f":{"0":5,"1":5},"b":{"0":[1,4],"1":[5,5],"2":[1,2],"3":[3,3]}}
,"/home/user/Desktop/backend/src/infra/database/mongo-db.adapter.ts": {"path":"/home/user/Desktop/backend/src/infra/database/mongo-db.adapter.ts","statementMap":{"0":{"start":{"line":12,"column":31},"end":{"line":12,"column":50}},"1":{"start":{"line":14,"column":21},"end":{"line":14,"column":35}},"2":{"start":{"line":15,"column":17},"end":{"line":18,"column":82}},"3":{"start":{"line":19,"column":4},"end":{"line":19,"column":27}},"4":{"start":{"line":19,"column":15},"end":{"line":19,"column":27}},"5":{"start":{"line":20,"column":4},"end":{"line":24,"column":6}},"6":{"start":{"line":11,"column":0},"end":{"line":11,"column":13}}},"fnMap":{"0":{"name":"(anonymous_0)","decl":{"start":{"line":12,"column":2},"end":{"line":12,"column":31}},"loc":{"start":{"line":12,"column":50},"end":{"line":12,"column":54}}},"1":{"name":"(anonymous_1)","decl":{"start":{"line":13,"column":2},"end":{"line":13,"column":7}},"loc":{"start":{"line":13,"column":41},"end":{"line":25,"column":3}}}},"branchMap":{"0":{"loc":{"start":{"line":19,"column":4},"end":{"line":19,"column":27}},"type":"if","locations":[{"start":{"line":19,"column":4},"end":{"line":19,"column":27}},{"start":{},"end":{}}]}},"s":{"0":2,"1":2,"2":2,"3":2,"4":1,"5":1,"6":1},"f":{"0":2,"1":2},"b":{"0":[1,1]}}
,"/home/user/Desktop/backend/src/infra/sign-in/sign-in.database.ts": {"path":"/home/user/Desktop/backend/src/infra/sign-in/sign-in.database.ts","statementMap":{"0":{"start":{"line":5,"column":31},"end":{"line":5,"column":71}},"1":{"start":{"line":8,"column":19},"end":{"line":8,"column":66}},"2":{"start":{"line":9,"column":4},"end":{"line":9,"column":18}},"3":{"start":{"line":4,"column":0},"end":{"line":4,"column":13}}},"fnMap":{"0":{"name":"(anonymous_0)","decl":{"start":{"line":5,"column":2},"end":{"line":5,"column":31}},"loc":{"start":{"line":5,"column":71},"end":{"line":5,"column":75}}},"1":{"name":"(anonymous_1)","decl":{"start":{"line":7,"column":2},"end":{"line":7,"column":7}},"loc":{"start":{"line":7,"column":41},"end":{"line":10,"column":3}}}},"branchMap":{},"s":{"0":3,"1":3,"2":2,"3":1},"f":{"0":3,"1":3},"b":{}}
}
