{
  "/home/user/Desktop/backend/src/application/access-token/access-token.use-case.ts": {
    "path": "/home/user/Desktop/backend/src/application/access-token/access-token.use-case.ts",
    "statementMap": {
      "0": { "start": { "line": 8, "column": 31 }, "end": { "line": 8, "column": 70 } },
      "1": { "start": { "line": 11, "column": 18 }, "end": { "line": 11, "column": 63 } },
      "2": { "start": { "line": 12, "column": 4 }, "end": { "line": 12, "column": 17 } },
      "3": { "start": { "line": 7, "column": 0 }, "end": { "line": 7, "column": 13 } }
    },
    "fnMap": {
      "0": {
        "name": "(anonymous_0)",
        "decl": { "start": { "line": 8, "column": 2 }, "end": { "line": 8, "column": 31 } },
        "loc": { "start": { "line": 8, "column": 70 }, "end": { "line": 8, "column": 74 } }
      },
      "1": {
        "name": "(anonymous_1)",
        "decl": { "start": { "line": 10, "column": 2 }, "end": { "line": 10, "column": 7 } },
        "loc": { "start": { "line": 10, "column": 40 }, "end": { "line": 13, "column": 3 } }
      }
    },
    "branchMap": {},
    "s": { "0": 3, "1": 3, "2": 2, "3": 1 },
    "f": { "0": 3, "1": 3 },
    "b": {}
  },
  "/home/user/Desktop/backend/src/application/compare-password/compare-password.use-case.ts": {
    "path": "/home/user/Desktop/backend/src/application/compare-password/compare-password.use-case.ts",
    "statementMap": {
      "0": { "start": { "line": 8, "column": 31 }, "end": { "line": 8, "column": 71 } },
      "1": { "start": { "line": 11, "column": 4 }, "end": { "line": 11, "column": 47 } },
      "2": { "start": { "line": 7, "column": 0 }, "end": { "line": 7, "column": 13 } }
    },
    "fnMap": {
      "0": {
        "name": "(anonymous_0)",
        "decl": { "start": { "line": 8, "column": 2 }, "end": { "line": 8, "column": 31 } },
        "loc": { "start": { "line": 8, "column": 71 }, "end": { "line": 8, "column": 75 } }
      },
      "1": {
        "name": "(anonymous_1)",
        "decl": { "start": { "line": 10, "column": 2 }, "end": { "line": 10, "column": 7 } },
        "loc": { "start": { "line": 10, "column": 43 }, "end": { "line": 12, "column": 3 } }
      }
    },
    "branchMap": {},
    "s": { "0": 4, "1": 4, "2": 1 },
    "f": { "0": 4, "1": 4 },
    "b": {}
  },
  "/home/user/Desktop/backend/src/application/find-user-by-email/find-user-by-email.use-case.ts": {
    "path": "/home/user/Desktop/backend/src/application/find-user-by-email/find-user-by-email.use-case.ts",
    "statementMap": {
      "0": { "start": { "line": 8, "column": 31 }, "end": { "line": 8, "column": 77 } },
      "1": { "start": { "line": 11, "column": 4 }, "end": { "line": 11, "column": 57 } },
      "2": { "start": { "line": 7, "column": 0 }, "end": { "line": 7, "column": 13 } }
    },
    "fnMap": {
      "0": {
        "name": "(anonymous_0)",
        "decl": { "start": { "line": 8, "column": 2 }, "end": { "line": 8, "column": 31 } },
        "loc": { "start": { "line": 8, "column": 77 }, "end": { "line": 8, "column": 81 } }
      },
      "1": {
        "name": "(anonymous_1)",
        "decl": { "start": { "line": 10, "column": 2 }, "end": { "line": 10, "column": 7 } },
        "loc": { "start": { "line": 10, "column": 46 }, "end": { "line": 12, "column": 3 } }
      }
    },
    "branchMap": {},
    "s": { "0": 4, "1": 4, "2": 1 },
    "f": { "0": 4, "1": 4 },
    "b": {}
  },
  "/home/user/Desktop/backend/src/application/sign-in/sign-in.use-case.ts": {
    "path": "/home/user/Desktop/backend/src/application/sign-in/sign-in.use-case.ts",
    "statementMap": {
      "0": { "start": { "line": 3, "column": 0 }, "end": { "line": 3, "column": 58 } },
      "1": { "start": { "line": 9, "column": 21 }, "end": { "line": 9, "column": 67 } },
      "2": { "start": { "line": 10, "column": 21 }, "end": { "line": 10, "column": 53 } },
      "3": { "start": { "line": 11, "column": 21 }, "end": { "line": 11, "column": 61 } },
      "4": { "start": { "line": 15, "column": 17 }, "end": { "line": 15, "column": 91 } },
      "5": { "start": { "line": 16, "column": 4 }, "end": { "line": 16, "column": 51 } },
      "6": { "start": { "line": 16, "column": 15 }, "end": { "line": 16, "column": 51 } },
      "7": { "start": { "line": 17, "column": 28 }, "end": { "line": 20, "column": 6 } },
      "8": { "start": { "line": 21, "column": 4 }, "end": { "line": 21, "column": 62 } },
      "9": { "start": { "line": 21, "column": 26 }, "end": { "line": 21, "column": 62 } },
      "10": { "start": { "line": 22, "column": 18 }, "end": { "line": 22, "column": 67 } },
      "11": { "start": { "line": 23, "column": 4 }, "end": { "line": 26, "column": 6 } },
      "12": { "start": { "line": 7, "column": 0 }, "end": { "line": 7, "column": 13 } }
    },
    "fnMap": {
      "0": {
        "name": "(anonymous_0)",
        "decl": { "start": { "line": 8, "column": 2 }, "end": { "line": 8, "column": null } },
        "loc": { "start": { "line": 11, "column": 61 }, "end": { "line": 12, "column": 6 } }
      },
      "1": {
        "name": "(anonymous_1)",
        "decl": { "start": { "line": 14, "column": 2 }, "end": { "line": 14, "column": 7 } },
        "loc": { "start": { "line": 14, "column": 33 }, "end": { "line": 27, "column": 3 } }
      }
    },
    "branchMap": {
      "0": {
        "loc": { "start": { "line": 16, "column": 4 }, "end": { "line": 16, "column": 51 } },
        "type": "if",
        "locations": [
          { "start": { "line": 16, "column": 4 }, "end": { "line": 16, "column": 51 } },
          { "start": {}, "end": {} }
        ]
      },
      "1": {
        "loc": { "start": { "line": 21, "column": 4 }, "end": { "line": 21, "column": 62 } },
        "type": "if",
        "locations": [
          { "start": { "line": 21, "column": 4 }, "end": { "line": 21, "column": 62 } },
          { "start": {}, "end": {} }
        ]
      }
    },
    "s": {
      "0": 1,
      "1": 9,
      "2": 9,
      "3": 9,
      "4": 9,
      "5": 8,
      "6": 1,
      "7": 7,
      "8": 6,
      "9": 1,
      "10": 5,
      "11": 4,
      "12": 1
    },
    "f": { "0": 9, "1": 9 },
    "b": { "0": [1, 7], "1": [1, 5] }
  },
  "/home/user/Desktop/backend/src/infra/access-token/access-token.jwt-adapter.ts": {
    "path": "/home/user/Desktop/backend/src/infra/access-token/access-token.jwt-adapter.ts",
    "statementMap": {
      "0": { "start": { "line": 1, "column": 0 }, "end": { "line": 1, "column": 31 } },
      "1": { "start": { "line": 12, "column": 21 }, "end": { "line": 12, "column": 35 } },
      "2": { "start": { "line": 13, "column": 21 }, "end": { "line": 13, "column": 50 } },
      "3": { "start": { "line": 17, "column": 20 }, "end": { "line": 17, "column": 38 } },
      "4": { "start": { "line": 19, "column": 33 }, "end": { "line": 21, "column": 6 } },
      "5": { "start": { "line": 23, "column": 24 }, "end": { "line": 23, "column": 63 } },
      "6": { "start": { "line": 25, "column": 4 }, "end": { "line": 25, "column": 27 } },
      "7": { "start": { "line": 10, "column": 0 }, "end": { "line": 10, "column": 13 } }
    },
    "fnMap": {
      "0": {
        "name": "(anonymous_1)",
        "decl": { "start": { "line": 11, "column": 2 }, "end": { "line": 11, "column": null } },
        "loc": { "start": { "line": 13, "column": 54 }, "end": { "line": 14, "column": 6 } }
      },
      "1": {
        "name": "(anonymous_2)",
        "decl": { "start": { "line": 16, "column": 2 }, "end": { "line": 16, "column": 7 } },
        "loc": { "start": { "line": 16, "column": 40 }, "end": { "line": 26, "column": 3 } }
      }
    },
    "branchMap": {
      "0": {
        "loc": { "start": { "line": 13, "column": 21 }, "end": { "line": 13, "column": 54 } },
        "type": "default-arg",
        "locations": [
          { "start": { "line": 13, "column": 50 }, "end": { "line": 13, "column": 54 } }
        ]
      }
    },
    "s": { "0": 1, "1": 3, "2": 3, "3": 3, "4": 3, "5": 3, "6": 2, "7": 1 },
    "f": { "0": 3, "1": 3 },
    "b": { "0": [1] }
  },
  "/home/user/Desktop/backend/src/infra/compare-password/compare-password.bcrypt-adapter.ts": {
    "path": "/home/user/Desktop/backend/src/infra/compare-password/compare-password.bcrypt-adapter.ts",
    "statementMap": {
      "0": { "start": { "line": 1, "column": 0 }, "end": { "line": 1, "column": 30 } },
      "1": { "start": { "line": 10, "column": 4 }, "end": { "line": 10, "column": 56 } },
      "2": { "start": { "line": 8, "column": 0 }, "end": { "line": 8, "column": 13 } }
    },
    "fnMap": {
      "0": {
        "name": "(anonymous_1)",
        "decl": { "start": { "line": 9, "column": 2 }, "end": { "line": 9, "column": 7 } },
        "loc": { "start": { "line": 9, "column": 43 }, "end": { "line": 11, "column": 3 } }
      }
    },
    "branchMap": {},
    "s": { "0": 1, "1": 4, "2": 1 },
    "f": { "0": 4 },
    "b": {}
  },
  "/home/user/Desktop/backend/src/infra/find-user-by-email/find-user-by-email.mongo-adapter.ts": {
    "path": "/home/user/Desktop/backend/src/infra/find-user-by-email/find-user-by-email.mongo-adapter.ts",
    "statementMap": {
      "0": { "start": { "line": 11, "column": 31 }, "end": { "line": 11, "column": 50 } },
      "1": { "start": { "line": 13, "column": 21 }, "end": { "line": 13, "column": 35 } },
      "2": { "start": { "line": 15, "column": 17 }, "end": { "line": 18, "column": 82 } },
      "3": { "start": { "line": 20, "column": 4 }, "end": { "line": 20, "column": 27 } },
      "4": { "start": { "line": 20, "column": 15 }, "end": { "line": 20, "column": 27 } },
      "5": { "start": { "line": 22, "column": 4 }, "end": { "line": 26, "column": 6 } },
      "6": { "start": { "line": 10, "column": 0 }, "end": { "line": 10, "column": 13 } }
    },
    "fnMap": {
      "0": {
        "name": "(anonymous_0)",
        "decl": { "start": { "line": 11, "column": 2 }, "end": { "line": 11, "column": 31 } },
        "loc": { "start": { "line": 11, "column": 50 }, "end": { "line": 11, "column": 54 } }
      },
      "1": {
        "name": "(anonymous_1)",
        "decl": { "start": { "line": 12, "column": 2 }, "end": { "line": 12, "column": 7 } },
        "loc": { "start": { "line": 12, "column": 53 }, "end": { "line": 27, "column": 3 } }
      }
    },
    "branchMap": {
      "0": {
        "loc": { "start": { "line": 20, "column": 4 }, "end": { "line": 20, "column": 27 } },
        "type": "if",
        "locations": [
          { "start": { "line": 20, "column": 4 }, "end": { "line": 20, "column": 27 } },
          { "start": {}, "end": {} }
        ]
      }
    },
    "s": { "0": 2, "1": 2, "2": 2, "3": 2, "4": 1, "5": 1, "6": 1 },
    "f": { "0": 2, "1": 2 },
    "b": { "0": [1, 1] }
  }
}
