TN:
SF:src/application/sign-in/sign-in.use-case.ts
FN:5,(anonymous_0)
FN:7,(anonymous_1)
FNF:2
FNH:2
FNDA:5,(anonymous_0)
FNDA:5,(anonymous_1)
DA:2,1
DA:4,1
DA:5,5
DA:8,5
DA:9,4
DA:10,3
DA:11,2
LF:7
LH:7
BRDA:8,0,0,1
BRDA:8,0,1,4
BRDA:8,1,0,5
BRDA:8,1,1,5
BRDA:10,2,0,1
BRDA:10,2,1,2
BRDA:10,3,0,3
BRDA:10,3,1,3
BRF:8
BRH:8
end_of_record
TN:
SF:src/infra/database/mongo-db.adapter.ts
FN:12,(anonymous_0)
FN:13,(anonymous_1)
FNF:2
FNH:2
FNDA:2,(anonymous_0)
FNDA:2,(anonymous_1)
DA:11,1
DA:12,2
DA:14,2
DA:15,2
DA:19,2
DA:20,1
LF:6
LH:6
BRDA:19,0,0,1
BRDA:19,0,1,1
BRF:2
BRH:2
end_of_record
TN:
SF:src/infra/sign-in/sign-in.database.ts
FN:5,(anonymous_0)
FN:7,(anonymous_1)
FNF:2
FNH:2
FNDA:3,(anonymous_0)
FNDA:3,(anonymous_1)
DA:4,1
DA:5,3
DA:8,3
DA:9,2
LF:4
LH:4
BRF:0
BRH:0
end_of_record
