TN:
SF:src/application/access-token/access-token.use-case.ts
FN:8,(anonymous_0)
FN:10,(anonymous_1)
FNF:2
FNH:2
FNDA:3,(anonymous_0)
FNDA:3,(anonymous_1)
DA:7,1
DA:8,3
DA:11,3
DA:12,2
LF:4
LH:4
BRF:0
BRH:0
end_of_record
TN:
SF:src/application/compare-password/compare-password.use-case.ts
FN:8,(anonymous_0)
FN:10,(anonymous_1)
FNF:2
FNH:2
FNDA:4,(anonymous_0)
FNDA:4,(anonymous_1)
DA:7,1
DA:8,4
DA:11,4
LF:3
LH:3
BRF:0
BRH:0
end_of_record
TN:
SF:src/application/find-user-by-email/find-user-by-email.use-case.ts
FN:8,(anonymous_0)
FN:10,(anonymous_1)
FNF:2
FNH:2
FNDA:4,(anonymous_0)
FNDA:4,(anonymous_1)
DA:7,1
DA:8,4
DA:11,4
LF:3
LH:3
BRF:0
BRH:0
end_of_record
TN:
SF:src/application/sign-in/sign-in.use-case.ts
FN:8,(anonymous_0)
FN:14,(anonymous_1)
FNF:2
FNH:2
FNDA:9,(anonymous_0)
FNDA:9,(anonymous_1)
DA:3,1
DA:7,1
DA:9,9
DA:10,9
DA:11,9
DA:15,9
DA:16,8
DA:17,7
DA:21,6
DA:22,5
DA:23,4
LF:11
LH:11
BRDA:16,0,0,1
BRDA:16,0,1,7
BRDA:21,1,0,1
BRDA:21,1,1,5
BRF:4
BRH:4
end_of_record
TN:
SF:src/infra/access-token/access-token.jwt-adapter.ts
FN:11,(anonymous_1)
FN:16,(anonymous_2)
FNF:2
FNH:2
FNDA:3,(anonymous_1)
FNDA:3,(anonymous_2)
DA:1,1
DA:10,1
DA:12,3
DA:13,3
DA:17,3
DA:19,3
DA:23,3
DA:25,2
LF:8
LH:8
BRDA:13,0,0,1
BRF:1
BRH:1
end_of_record
TN:
SF:src/infra/compare-password/compare-password.bcrypt-adapter.ts
FN:9,(anonymous_1)
FNF:1
FNH:1
FNDA:4,(anonymous_1)
DA:1,1
DA:8,1
DA:10,4
LF:3
LH:3
BRF:0
BRH:0
end_of_record
TN:
SF:src/infra/find-user-by-email/find-user-by-email.mongo-adapter.ts
FN:11,(anonymous_0)
FN:12,(anonymous_1)
FNF:2
FNH:2
FNDA:2,(anonymous_0)
FNDA:2,(anonymous_1)
DA:10,1
DA:11,2
DA:13,2
DA:15,2
DA:20,2
DA:22,1
LF:6
LH:6
BRDA:20,0,0,1
BRDA:20,0,1,1
BRF:2
BRH:2
end_of_record
